<?xml version="1.0" encoding="utf-8"?>
<?AutomationStudio Version="4.3.3.196"?>
<Objects>
  <Object
    Path="C:\projects\RobotVirkNu\Logical\Package.pkg"
    LogicalPath=""
    Type="Package"
    LastWriteTime="131556500656373470" />
  <Object
    Path="C:\projects\RobotVirkNu\Logical\Global.typ"
    LogicalPath="Global.typ"
    Type="File"
    LastWriteTime="131556500237451966"
    Private="false" />
  <Object
    Path="C:\projects\RobotVirkNu\Logical\Global.var"
    LogicalPath="Global.var"
    Type="File"
    LastWriteTime="131556500237532027"
    Private="false" />
  <Object
    Path="C:\projects\RobotVirkNu\Logical\Libraries\Package.pkg"
    LogicalPath="Libraries"
    Type="Package"
    LastWriteTime="131556502368178730" />
  <Object
    Path="C:\projects\RobotVirkNu\Logical\Libraries\operator\Binary.lby"
    LogicalPath="Libraries.operator"
    Type="Library"
    LastWriteTime="131556500257971271" />
  <Object
    Path="C:\projects\RobotVirkNu\Logical\Libraries\operator\operator.fun"
    LogicalPath="Libraries.operator.operator.fun"
    Type="File"
    LastWriteTime="131556500257871201"
    Private="false" />
  <Object
    Path="C:\projects\RobotVirkNu\Logical\Libraries\operator\operator.typ"
    LogicalPath="Libraries.operator.operator.typ"
    Type="File"
    LastWriteTime="131556500257931222"
    Private="false" />
  <Object
    Path="C:\projects\RobotVirkNu\Logical\Libraries\operator\operator.var"
    LogicalPath="Libraries.operator.operator.var"
    Type="File"
    LastWriteTime="131556500257961232"
    Private="false" />
  <Object
    Path="C:\projects\RobotVirkNu\Logical\Libraries\runtime\Binary.lby"
    LogicalPath="Libraries.runtime"
    Type="Library"
    LastWriteTime="131556500268086007" />
  <Object
    Path="C:\projects\RobotVirkNu\Logical\Libraries\runtime\runtime.fun"
    LogicalPath="Libraries.runtime.runtime.fun"
    Type="File"
    LastWriteTime="131556500267724692"
    Private="false" />
  <Object
    Path="C:\projects\RobotVirkNu\Logical\Libraries\runtime\runtime.typ"
    LogicalPath="Libraries.runtime.runtime.typ"
    Type="File"
    LastWriteTime="131556500267874863"
    Private="false" />
  <Object
    Path="C:\projects\RobotVirkNu\Logical\Libraries\runtime\runtime.var"
    LogicalPath="Libraries.runtime.runtime.var"
    Type="File"
    LastWriteTime="131556500268015989"
    Private="false" />
  <Object
    Path="C:\projects\RobotVirkNu\Logical\Libraries\astime\Binary.lby"
    LogicalPath="Libraries.astime"
    Type="Library"
    LastWriteTime="131556500278478360" />
  <Object
    Path="C:\projects\RobotVirkNu\Logical\Libraries\astime\astime.fun"
    LogicalPath="Libraries.astime.astime.fun"
    Type="File"
    LastWriteTime="131556500278288263"
    Private="false" />
  <Object
    Path="C:\projects\RobotVirkNu\Logical\Libraries\astime\astime.typ"
    LogicalPath="Libraries.astime.astime.typ"
    Type="File"
    LastWriteTime="131556500278418311"
    Private="false" />
  <Object
    Path="C:\projects\RobotVirkNu\Logical\Libraries\astime\astime.var"
    LogicalPath="Libraries.astime.astime.var"
    Type="File"
    LastWriteTime="131556500278458323"
    Private="false" />
  <Object
    Path="C:\projects\RobotVirkNu\Logical\Libraries\AsIecCon\Binary.lby"
    LogicalPath="Libraries.AsIecCon"
    Type="Library"
    LastWriteTime="131556500288294378" />
  <Object
    Path="C:\projects\RobotVirkNu\Logical\Libraries\AsIecCon\AsIecCon.fun"
    LogicalPath="Libraries.AsIecCon.AsIecCon.fun"
    Type="File"
    LastWriteTime="131556500288204372"
    Private="false" />
  <Object
    Path="C:\projects\RobotVirkNu\Logical\Libraries\AsIecCon\AsIecCon.typ"
    LogicalPath="Libraries.AsIecCon.AsIecCon.typ"
    Type="File"
    LastWriteTime="131556500288234362"
    Private="false" />
  <Object
    Path="C:\projects\RobotVirkNu\Logical\Libraries\AsIecCon\AsIecCon.var"
    LogicalPath="Libraries.AsIecCon.AsIecCon.var"
    Type="File"
    LastWriteTime="131556500288274399"
    Private="false" />
  <Object
    Path="C:\projects\RobotVirkNu\Logical\Libraries\standard\Binary.lby"
    LogicalPath="Libraries.standard"
    Type="Library"
    LastWriteTime="131556502367528498" />
  <Object
    Path="C:\projects\RobotVirkNu\Logical\Libraries\standard\standard.fun"
    LogicalPath="Libraries.standard.standard.fun"
    Type="File"
    LastWriteTime="131556502367448469"
    Private="false" />
  <Object
    Path="C:\projects\RobotVirkNu\Logical\Libraries\standard\standard.typ"
    LogicalPath="Libraries.standard.standard.typ"
    Type="File"
    LastWriteTime="131556502367478475"
    Private="false" />
  <Object
    Path="C:\projects\RobotVirkNu\Logical\Libraries\standard\standard.var"
    LogicalPath="Libraries.standard.standard.var"
    Type="File"
    LastWriteTime="131556502367508481"
    Private="false" />
  <Object
    Path="C:\projects\RobotVirkNu\Logical\Program\IEC.prg"
    LogicalPath="Program"
    Type="Program"
    LastWriteTime="131556500656343460" />
  <Object
    Path="C:\projects\RobotVirkNu\Logical\Program\Main.st"
    LogicalPath="Program.Main.st"
    Type="File"
    LastWriteTime="131556551138490392"
    Private="false" />
  <Object
    Path="C:\projects\RobotVirkNu\Logical\Program\Types.typ"
    LogicalPath="Program.Types.typ"
    Type="File"
    LastWriteTime="131556500656303447"
    Private="true" />
  <Object
    Path="C:\projects\RobotVirkNu\Logical\Program\Variables.var"
    LogicalPath="Program.Variables.var"
    Type="File"
    LastWriteTime="131556551138795923"
    Private="true" />
  <Object
    Path="C:\projects\RobotVirkNu\Physical\Config1\Config.pkg"
    LogicalPath="Config1"
    Type="Configuration"
    LastWriteTime="131556500318714312" />
  <Object
    Path="C:\projects\RobotVirkNu\Physical\Config1\Hardware.hw"
    LogicalPath="Config1.Hardware.hw"
    Type="File"
    LastWriteTime="131556512132058409"
    Private="false" />
  <Object
    Path="C:\projects\RobotVirkNu\Physical\Config1\Hardware.hwl"
    LogicalPath="Config1.Hardware.hwl"
    Type="File"
    LastWriteTime="131341234740000000"
    Private="false" />
  <Object
    Path="C:\projects\RobotVirkNu\Physical\Config1\X20CP1382\Cpu.pkg"
    LogicalPath="Config1.X20CP1382"
    Type="Cpu"
    LastWriteTime="131556500293213486" />
  <Object
    Path="C:\projects\RobotVirkNu\Physical\Config1\X20CP1382\Cpu.sw"
    LogicalPath="Config1.X20CP1382.Cpu.sw"
    Type="File"
    LastWriteTime="131556524710549254"
    Private="false" />
  <Object
    Path="C:\projects\RobotVirkNu\Physical\Config1\X20CP1382\Cpu.per"
    LogicalPath="Config1.X20CP1382.Cpu.per"
    Type="File"
    LastWriteTime="131556500291799683"
    Private="false" />
  <Object
    Path="C:\projects\RobotVirkNu\Physical\Config1\X20CP1382\IoMap.iom"
    LogicalPath="Config1.X20CP1382.IoMap.iom"
    Type="File"
    LastWriteTime="131556500291825596"
    Private="false" />
  <Object
    Path="C:\projects\RobotVirkNu\Physical\Config1\X20CP1382\PvMap.vvm"
    LogicalPath="Config1.X20CP1382.PvMap.vvm"
    Type="File"
    LastWriteTime="131556500291848847"
    Private="false" />
  <Object
    Path="C:\projects\RobotVirkNu\Physical\Config1\X20CP1382\mapp\Package.pkg"
    LogicalPath="Config1.X20CP1382.mapp"
    Type="Package"
    LastWriteTime="131556500292172327" />
  <Object
    Path="C:\projects\RobotVirkNu\Physical\Config1\X20CP1382\Connectivity\Package.pkg"
    LogicalPath="Config1.X20CP1382.Connectivity"
    Type="Package"
    LastWriteTime="131556500292302366" />
  <Object
    Path="C:\projects\RobotVirkNu\Physical\Config1\X20CP1382\Connectivity\OpcUA\Package.pkg"
    LogicalPath="Config1.X20CP1382.Connectivity.OpcUA"
    Type="Package"
    LastWriteTime="131556500292282436" />
  <Object
    Path="C:\projects\RobotVirkNu\Physical\Config1\X20CP1382\TextSystem\Package.pkg"
    LogicalPath="Config1.X20CP1382.TextSystem"
    Type="Package"
    LastWriteTime="131556500292372393" />
  <Object
    Path="C:\projects\RobotVirkNu\Physical\Config1\X20CP1382\UnitSystem\Package.pkg"
    LogicalPath="Config1.X20CP1382.UnitSystem"
    Type="Package"
    LastWriteTime="131556500292442391" />
  <Object
    Path="C:\projects\RobotVirkNu\Physical\Config1\X20CP1382\AccessAndSecurity\Package.pkg"
    LogicalPath="Config1.X20CP1382.AccessAndSecurity"
    Type="Package"
    LastWriteTime="131556500293193478" />
  <Object
    Path="C:\projects\RobotVirkNu\Physical\Config1\X20CP1382\AccessAndSecurity\UserRoleSystem\Package.pkg"
    LogicalPath="Config1.X20CP1382.AccessAndSecurity.UserRoleSystem"
    Type="Package"
    LastWriteTime="131556500292643279" />
  <Object
    Path="C:\projects\RobotVirkNu\Physical\Config1\X20CP1382\AccessAndSecurity\UserRoleSystem\Role.role"
    LogicalPath="Config1.X20CP1382.AccessAndSecurity.UserRoleSystem.Role.role"
    Type="File"
    LastWriteTime="131556500292602449"
    Private="false" />
  <Object
    Path="C:\projects\RobotVirkNu\Physical\Config1\X20CP1382\AccessAndSecurity\UserRoleSystem\User.user"
    LogicalPath="Config1.X20CP1382.AccessAndSecurity.UserRoleSystem.User.user"
    Type="File"
    LastWriteTime="131556500292633281"
    Private="false" />
  <Object
    Path="C:\projects\RobotVirkNu\Physical\Config1\X20CP1382\AccessAndSecurity\CertificateStore\Package.pkg"
    LogicalPath="Config1.X20CP1382.AccessAndSecurity.CertificateStore"
    Type="Package"
    LastWriteTime="131556500293113449" />
  <Object
    Path="C:\projects\RobotVirkNu\Physical\Config1\X20CP1382\AccessAndSecurity\CertificateStore\OwnCertificates\Package.pkg"
    LogicalPath="Config1.X20CP1382.AccessAndSecurity.CertificateStore.OwnCertificates"
    Type="Package"
    LastWriteTime="131556500292863361" />
  <Object
    Path="C:\projects\RobotVirkNu\Physical\Config1\X20CP1382\AccessAndSecurity\CertificateStore\OwnCertificates\Certificates\Package.pkg"
    LogicalPath="Config1.X20CP1382.AccessAndSecurity.CertificateStore.OwnCertificates.Certificates"
    Type="Package"
    LastWriteTime="131556500292793334" />
  <Object
    Path="C:\projects\RobotVirkNu\Physical\Config1\X20CP1382\AccessAndSecurity\CertificateStore\OwnCertificates\PrivateKeys\Package.pkg"
    LogicalPath="Config1.X20CP1382.AccessAndSecurity.CertificateStore.OwnCertificates.PrivateKeys"
    Type="Package"
    LastWriteTime="131556500292843357" />
  <Object
    Path="C:\projects\RobotVirkNu\Physical\Config1\X20CP1382\AccessAndSecurity\CertificateStore\ThirdPartyCertificates\Package.pkg"
    LogicalPath="Config1.X20CP1382.AccessAndSecurity.CertificateStore.ThirdPartyCertificates"
    Type="Package"
    LastWriteTime="131556500292983402" />
  <Object
    Path="C:\projects\RobotVirkNu\Physical\Config1\X20CP1382\AccessAndSecurity\CertificateStore\ThirdPartyCertificates\SoftwareCertificates\Package.pkg"
    LogicalPath="Config1.X20CP1382.AccessAndSecurity.CertificateStore.ThirdPartyCertificates.SoftwareCertificates"
    Type="Package"
    LastWriteTime="131556500292963394" />
  <Object
    Path="C:\projects\RobotVirkNu\Physical\Config1\X20CP1382\AccessAndSecurity\CertificateStore\CertificateRevocationLists\Package.pkg"
    LogicalPath="Config1.X20CP1382.AccessAndSecurity.CertificateStore.CertificateRevocationLists"
    Type="Package"
    LastWriteTime="131556500293043431" />
  <Object
    Path="C:\projects\RobotVirkNu\Physical\Config1\X20CP1382\AccessAndSecurity\CertificateStore\CertificateSigningRequests\Package.pkg"
    LogicalPath="Config1.X20CP1382.AccessAndSecurity.CertificateStore.CertificateSigningRequests"
    Type="Package"
    LastWriteTime="131556500293093445" />
  <Object
    Path="C:\projects\RobotVirkNu\Physical\Config1\X20CP1382\AccessAndSecurity\TransportLayerSecurity\Package.pkg"
    LogicalPath="Config1.X20CP1382.AccessAndSecurity.TransportLayerSecurity"
    Type="Package"
    LastWriteTime="131556500293173474" />
  <Object
    Path="C:\projects\RobotVirkNu\Physical\Config1\Hardware.jpg"
    LogicalPath="Config1.Hardware.jpg"
    Type="File"
    LastWriteTime="131556508219306759"
    Private="false" />
  <Object
    Path="C:\projects\RobotVirkNu\Logical\Libraries\AsIecCon\SG4\AsIecCon.h"
    LogicalPath="AsIecCon.h"
    Type="File"
    LastWriteTime="131405575140000000"
    Private="false" />
  <Object
    Path="C:\projects\RobotVirkNu\Logical\Libraries\astime\SG4\astime.h"
    LogicalPath="astime.h"
    Type="File"
    LastWriteTime="131405575180000000"
    Private="false" />
  <Object
    Path="C:\projects\RobotVirkNu\Logical\Libraries\operator\SG4\operator.h"
    LogicalPath="operator.h"
    Type="File"
    LastWriteTime="131405575220000000"
    Private="false" />
  <Object
    Path="C:\projects\RobotVirkNu\Logical\Libraries\runtime\SG4\runtime.h"
    LogicalPath="runtime.h"
    Type="File"
    LastWriteTime="131405575220000000"
    Private="false" />
  <Object
    Path="C:\projects\RobotVirkNu\Logical\Libraries\standard\SG4\standard.h"
    LogicalPath="standard.h"
    Type="File"
    LastWriteTime="131405575220000000"
    Private="false" />
</Objects>