<?xml version="1.0" encoding="utf-8"?>
<?AutomationStudio Version="4.3.3.196"?>
<Objects>
  <Object
    Path="C:\Users\vikpo\Desktop\BR\robtek17\Robtek17G10\Logical\Package.pkg"
    LogicalPath=""
    Type="Package"
    LastWriteTime="131553935243539935" />
  <Object
    Path="C:\Users\vikpo\Desktop\BR\robtek17\Robtek17G10\Logical\Global.typ"
    LogicalPath="Global.typ"
    Type="File"
    LastWriteTime="131553930463965987"
    Private="false" />
  <Object
    Path="C:\Users\vikpo\Desktop\BR\robtek17\Robtek17G10\Logical\Global.var"
    LogicalPath="Global.var"
    Type="File"
    LastWriteTime="131553950235597677"
    Private="false" />
  <Object
    Path="C:\Users\vikpo\Desktop\BR\robtek17\Robtek17G10\Logical\Libraries\Package.pkg"
    LogicalPath="Libraries"
    Type="Package"
    LastWriteTime="131553930556528928" />
  <Object
    Path="C:\Users\vikpo\Desktop\BR\robtek17\Robtek17G10\Logical\Libraries\operator\Binary.lby"
    LogicalPath="Libraries.operator"
    Type="Library"
    LastWriteTime="131553930523395464" />
  <Object
    Path="C:\Users\vikpo\Desktop\BR\robtek17\Robtek17G10\Logical\Libraries\operator\operator.fun"
    LogicalPath="Libraries.operator.operator.fun"
    Type="File"
    LastWriteTime="131553930523245338"
    Private="false" />
  <Object
    Path="C:\Users\vikpo\Desktop\BR\robtek17\Robtek17G10\Logical\Libraries\operator\operator.typ"
    LogicalPath="Libraries.operator.operator.typ"
    Type="File"
    LastWriteTime="131553930523320391"
    Private="false" />
  <Object
    Path="C:\Users\vikpo\Desktop\BR\robtek17\Robtek17G10\Logical\Libraries\operator\operator.var"
    LogicalPath="Libraries.operator.operator.var"
    Type="File"
    LastWriteTime="131553930523370424"
    Private="false" />
  <Object
    Path="C:\Users\vikpo\Desktop\BR\robtek17\Robtek17G10\Logical\Libraries\runtime\Binary.lby"
    LogicalPath="Libraries.runtime"
    Type="Library"
    LastWriteTime="131553930535168788" />
  <Object
    Path="C:\Users\vikpo\Desktop\BR\robtek17\Robtek17G10\Logical\Libraries\runtime\runtime.fun"
    LogicalPath="Libraries.runtime.runtime.fun"
    Type="File"
    LastWriteTime="131553930534093027"
    Private="false" />
  <Object
    Path="C:\Users\vikpo\Desktop\BR\robtek17\Robtek17G10\Logical\Libraries\runtime\runtime.typ"
    LogicalPath="Libraries.runtime.runtime.typ"
    Type="File"
    LastWriteTime="131553930535093736"
    Private="false" />
  <Object
    Path="C:\Users\vikpo\Desktop\BR\robtek17\Robtek17G10\Logical\Libraries\runtime\runtime.var"
    LogicalPath="Libraries.runtime.runtime.var"
    Type="File"
    LastWriteTime="131553930535143770"
    Private="false" />
  <Object
    Path="C:\Users\vikpo\Desktop\BR\robtek17\Robtek17G10\Logical\Libraries\astime\Binary.lby"
    LogicalPath="Libraries.astime"
    Type="Library"
    LastWriteTime="131553930545636207" />
  <Object
    Path="C:\Users\vikpo\Desktop\BR\robtek17\Robtek17G10\Logical\Libraries\astime\astime.fun"
    LogicalPath="Libraries.astime.astime.fun"
    Type="File"
    LastWriteTime="131553930545351008"
    Private="false" />
  <Object
    Path="C:\Users\vikpo\Desktop\BR\robtek17\Robtek17G10\Logical\Libraries\astime\astime.typ"
    LogicalPath="Libraries.astime.astime.typ"
    Type="File"
    LastWriteTime="131553930545551146"
    Private="false" />
  <Object
    Path="C:\Users\vikpo\Desktop\BR\robtek17\Robtek17G10\Logical\Libraries\astime\astime.var"
    LogicalPath="Libraries.astime.astime.var"
    Type="File"
    LastWriteTime="131553930545606195"
    Private="false" />
  <Object
    Path="C:\Users\vikpo\Desktop\BR\robtek17\Robtek17G10\Logical\Libraries\AsIecCon\Binary.lby"
    LogicalPath="Libraries.AsIecCon"
    Type="Library"
    LastWriteTime="131553930555963527" />
  <Object
    Path="C:\Users\vikpo\Desktop\BR\robtek17\Robtek17G10\Logical\Libraries\AsIecCon\AsIecCon.fun"
    LogicalPath="Libraries.AsIecCon.AsIecCon.fun"
    Type="File"
    LastWriteTime="131553930555703346"
    Private="false" />
  <Object
    Path="C:\Users\vikpo\Desktop\BR\robtek17\Robtek17G10\Logical\Libraries\AsIecCon\AsIecCon.typ"
    LogicalPath="Libraries.AsIecCon.AsIecCon.typ"
    Type="File"
    LastWriteTime="131553930555773394"
    Private="false" />
  <Object
    Path="C:\Users\vikpo\Desktop\BR\robtek17\Robtek17G10\Logical\Libraries\AsIecCon\AsIecCon.var"
    LogicalPath="Libraries.AsIecCon.AsIecCon.var"
    Type="File"
    LastWriteTime="131553930555838455"
    Private="false" />
  <Object
    Path="C:\Users\vikpo\Desktop\BR\robtek17\Robtek17G10\Logical\Test\IEC.prg"
    LogicalPath="Test"
    Type="Program"
    LastWriteTime="131556361956399272" />
  <Object
    Path="C:\Users\vikpo\Desktop\BR\robtek17\Robtek17G10\Logical\Test\Main.st"
    LogicalPath="Test.Main.st"
    Type="File"
    LastWriteTime="131556399056053553"
    Private="false" />
  <Object
    Path="C:\Users\vikpo\Desktop\BR\robtek17\Robtek17G10\Logical\Test\Types.typ"
    LogicalPath="Test.Types.typ"
    Type="File"
    LastWriteTime="131553935021087788"
    Private="true" />
  <Object
    Path="C:\Users\vikpo\Desktop\BR\robtek17\Robtek17G10\Logical\Test\Variables.var"
    LogicalPath="Test.Variables.var"
    Type="File"
    LastWriteTime="131556372415126292"
    Private="true" />
  <Object
    Path="C:\Users\vikpo\Desktop\BR\robtek17\Robtek17G10\Logical\Test\LocalFunctions.fun"
    LogicalPath="Test.LocalFunctions.fun"
    Type="File"
    LastWriteTime="131556396174537576"
    Private="true" />
  <Object
    Path="C:\Users\vikpo\Desktop\BR\robtek17\Robtek17G10\Logical\Test\Functions.st"
    LogicalPath="Test.Functions.st"
    Type="File"
    LastWriteTime="131556396046591599"
    Private="false" />
  <Object
    Path="C:\Users\vikpo\Desktop\BR\robtek17\Robtek17G10\Physical\Config1\Config.pkg"
    LogicalPath="Config1"
    Type="Configuration"
    LastWriteTime="131556444081698830" />
  <Object
    Path="C:\Users\vikpo\Desktop\BR\robtek17\Robtek17G10\Physical\Config1\Hardware.hw"
    LogicalPath="Config1.Hardware.hw"
    Type="File"
    LastWriteTime="131556444083380029"
    Private="false" />
  <Object
    Path="C:\Users\vikpo\Desktop\BR\robtek17\Robtek17G10\Physical\Config1\Hardware.hwl"
    LogicalPath="Config1.Hardware.hwl"
    Type="File"
    LastWriteTime="131556444117944251"
    Private="false" />
  <Object
    Path="C:\Users\vikpo\Desktop\BR\robtek17\Robtek17G10\Physical\Config1\X20CP1382_RT\Cpu.pkg"
    LogicalPath="Config1.X20CP1382_RT"
    Type="Cpu"
    LastWriteTime="131556444081939006" />
  <Object
    Path="C:\Users\vikpo\Desktop\BR\robtek17\Robtek17G10\Physical\Config1\X20CP1382_RT\Cpu.sw"
    LogicalPath="Config1.X20CP1382_RT.Cpu.sw"
    Type="File"
    LastWriteTime="131553961828177401"
    Private="false" />
  <Object
    Path="C:\Users\vikpo\Desktop\BR\robtek17\Robtek17G10\Physical\Config1\X20CP1382_RT\Cpu.per"
    LogicalPath="Config1.X20CP1382_RT.Cpu.per"
    Type="File"
    LastWriteTime="131553930565064980"
    Private="false" />
  <Object
    Path="C:\Users\vikpo\Desktop\BR\robtek17\Robtek17G10\Physical\Config1\X20CP1382_RT\IoMap.iom"
    LogicalPath="Config1.X20CP1382_RT.IoMap.iom"
    Type="File"
    LastWriteTime="131553934414498874"
    Private="false" />
  <Object
    Path="C:\Users\vikpo\Desktop\BR\robtek17\Robtek17G10\Physical\Config1\X20CP1382_RT\PvMap.vvm"
    LogicalPath="Config1.X20CP1382_RT.PvMap.vvm"
    Type="File"
    LastWriteTime="131553930566505994"
    Private="false" />
  <Object
    Path="C:\Users\vikpo\Desktop\BR\robtek17\Robtek17G10\Physical\Config1\X20CP1382_RT\mapp\Package.pkg"
    LogicalPath="Config1.X20CP1382_RT.mapp"
    Type="Package"
    LastWriteTime="131553930567016361" />
  <Object
    Path="C:\Users\vikpo\Desktop\BR\robtek17\Robtek17G10\Physical\Config1\X20CP1382_RT\Connectivity\Package.pkg"
    LogicalPath="Config1.X20CP1382_RT.Connectivity"
    Type="Package"
    LastWriteTime="131553930567396627" />
  <Object
    Path="C:\Users\vikpo\Desktop\BR\robtek17\Robtek17G10\Physical\Config1\X20CP1382_RT\Connectivity\OpcUA\Package.pkg"
    LogicalPath="Config1.X20CP1382_RT.Connectivity.OpcUA"
    Type="Package"
    LastWriteTime="131553930567276542" />
  <Object
    Path="C:\Users\vikpo\Desktop\BR\robtek17\Robtek17G10\Physical\Config1\X20CP1382_RT\TextSystem\Package.pkg"
    LogicalPath="Config1.X20CP1382_RT.TextSystem"
    Type="Package"
    LastWriteTime="131553930567711853" />
  <Object
    Path="C:\Users\vikpo\Desktop\BR\robtek17\Robtek17G10\Physical\Config1\X20CP1382_RT\UnitSystem\Package.pkg"
    LogicalPath="Config1.X20CP1382_RT.UnitSystem"
    Type="Package"
    LastWriteTime="131553930567997053" />
  <Object
    Path="C:\Users\vikpo\Desktop\BR\robtek17\Robtek17G10\Physical\Config1\X20CP1382_RT\AccessAndSecurity\Package.pkg"
    LogicalPath="Config1.X20CP1382_RT.AccessAndSecurity"
    Type="Package"
    LastWriteTime="131553930570814059" />
  <Object
    Path="C:\Users\vikpo\Desktop\BR\robtek17\Robtek17G10\Physical\Config1\X20CP1382_RT\AccessAndSecurity\UserRoleSystem\Package.pkg"
    LogicalPath="Config1.X20CP1382_RT.AccessAndSecurity.UserRoleSystem"
    Type="Package"
    LastWriteTime="131553930568767597" />
  <Object
    Path="C:\Users\vikpo\Desktop\BR\robtek17\Robtek17G10\Physical\Config1\X20CP1382_RT\AccessAndSecurity\UserRoleSystem\Role.role"
    LogicalPath="Config1.X20CP1382_RT.AccessAndSecurity.UserRoleSystem.Role.role"
    Type="File"
    LastWriteTime="131553930568507434"
    Private="false" />
  <Object
    Path="C:\Users\vikpo\Desktop\BR\robtek17\Robtek17G10\Physical\Config1\X20CP1382_RT\AccessAndSecurity\UserRoleSystem\User.user"
    LogicalPath="Config1.X20CP1382_RT.AccessAndSecurity.UserRoleSystem.User.user"
    Type="File"
    LastWriteTime="131553930568647519"
    Private="false" />
  <Object
    Path="C:\Users\vikpo\Desktop\BR\robtek17\Robtek17G10\Physical\Config1\X20CP1382_RT\AccessAndSecurity\CertificateStore\Package.pkg"
    LogicalPath="Config1.X20CP1382_RT.AccessAndSecurity.CertificateStore"
    Type="Package"
    LastWriteTime="131553930570573882" />
  <Object
    Path="C:\Users\vikpo\Desktop\BR\robtek17\Robtek17G10\Physical\Config1\X20CP1382_RT\AccessAndSecurity\CertificateStore\OwnCertificates\Package.pkg"
    LogicalPath="Config1.X20CP1382_RT.AccessAndSecurity.CertificateStore.OwnCertificates"
    Type="Package"
    LastWriteTime="131553930569438074" />
  <Object
    Path="C:\Users\vikpo\Desktop\BR\robtek17\Robtek17G10\Physical\Config1\X20CP1382_RT\AccessAndSecurity\CertificateStore\OwnCertificates\Certificates\Package.pkg"
    LogicalPath="Config1.X20CP1382_RT.AccessAndSecurity.CertificateStore.OwnCertificates.Certificates"
    Type="Package"
    LastWriteTime="131553930569252942" />
  <Object
    Path="C:\Users\vikpo\Desktop\BR\robtek17\Robtek17G10\Physical\Config1\X20CP1382_RT\AccessAndSecurity\CertificateStore\OwnCertificates\PrivateKeys\Package.pkg"
    LogicalPath="Config1.X20CP1382_RT.AccessAndSecurity.CertificateStore.OwnCertificates.PrivateKeys"
    Type="Package"
    LastWriteTime="131553930569408051" />
  <Object
    Path="C:\Users\vikpo\Desktop\BR\robtek17\Robtek17G10\Physical\Config1\X20CP1382_RT\AccessAndSecurity\CertificateStore\ThirdPartyCertificates\Package.pkg"
    LogicalPath="Config1.X20CP1382_RT.AccessAndSecurity.CertificateStore.ThirdPartyCertificates"
    Type="Package"
    LastWriteTime="131553930569908409" />
  <Object
    Path="C:\Users\vikpo\Desktop\BR\robtek17\Robtek17G10\Physical\Config1\X20CP1382_RT\AccessAndSecurity\CertificateStore\ThirdPartyCertificates\SoftwareCertificates\Package.pkg"
    LogicalPath="Config1.X20CP1382_RT.AccessAndSecurity.CertificateStore.ThirdPartyCertificates.SoftwareCertificates"
    Type="Package"
    LastWriteTime="131553930569763306" />
  <Object
    Path="C:\Users\vikpo\Desktop\BR\robtek17\Robtek17G10\Physical\Config1\X20CP1382_RT\AccessAndSecurity\CertificateStore\CertificateRevocationLists\Package.pkg"
    LogicalPath="Config1.X20CP1382_RT.AccessAndSecurity.CertificateStore.CertificateRevocationLists"
    Type="Package"
    LastWriteTime="131553930570183607" />
  <Object
    Path="C:\Users\vikpo\Desktop\BR\robtek17\Robtek17G10\Physical\Config1\X20CP1382_RT\AccessAndSecurity\CertificateStore\CertificateSigningRequests\Package.pkg"
    LogicalPath="Config1.X20CP1382_RT.AccessAndSecurity.CertificateStore.CertificateSigningRequests"
    Type="Package"
    LastWriteTime="131553930570433783" />
  <Object
    Path="C:\Users\vikpo\Desktop\BR\robtek17\Robtek17G10\Physical\Config1\X20CP1382_RT\AccessAndSecurity\TransportLayerSecurity\Package.pkg"
    LogicalPath="Config1.X20CP1382_RT.AccessAndSecurity.TransportLayerSecurity"
    Type="Package"
    LastWriteTime="131553930570744008" />
  <Object
    Path="C:\Users\vikpo\Desktop\BR\robtek17\Robtek17G10\Physical\Config1\Hardware.jpg"
    LogicalPath="Config1.Hardware.jpg"
    Type="File"
    LastWriteTime="131556444276517639"
    Private="false" />
  <Object
    Path="C:\Users\vikpo\Desktop\BR\robtek17\Robtek17G10\Logical\Libraries\AsIecCon\SG4\AsIecCon.h"
    LogicalPath="AsIecCon.h"
    Type="File"
    LastWriteTime="131405575140000000"
    Private="false" />
  <Object
    Path="C:\Users\vikpo\Desktop\BR\robtek17\Robtek17G10\Logical\Libraries\astime\SG4\astime.h"
    LogicalPath="astime.h"
    Type="File"
    LastWriteTime="131405575180000000"
    Private="false" />
  <Object
    Path="C:\Users\vikpo\Desktop\BR\robtek17\Robtek17G10\Logical\Libraries\operator\SG4\operator.h"
    LogicalPath="operator.h"
    Type="File"
    LastWriteTime="131405575220000000"
    Private="false" />
  <Object
    Path="C:\Users\vikpo\Desktop\BR\robtek17\Robtek17G10\Logical\Libraries\runtime\SG4\runtime.h"
    LogicalPath="runtime.h"
    Type="File"
    LastWriteTime="131405575220000000"
    Private="false" />
</Objects>